<?xml version="1.0" encoding="UTF-8"?>
<!-- Generated by org.testng.reporters.JUnitXMLReporter -->
<testsuite ignored="2" hostname="MX-GABILAN-QA2L" failures="14" tests="15" name="Test" time="4.131" errors="0" timestamp="2021-12-10T22:25:41 CST">
  <testcase classname="com.customerapi.testcases.TC001_Get_All_Customers" name="checkContentLength" time="0.012">
    <failure type="java.lang.NullPointerException" message="Cannot invoke &amp;quot;io.restassured.response.Response.header(String)&amp;quot; because &amp;quot;com.customerapi.testcases.TC001_Get_All_Customers.response&amp;quot; is null">
      <![CDATA[java.lang.NullPointerException: Cannot invoke "io.restassured.response.Response.header(String)" because "com.customerapi.testcases.TC001_Get_All_Customers.response" is null
at com.customerapi.testcases.TC001_Get_All_Customers.checkContentLength(TC001_Get_All_Customers.java:98)
at java.base/java.util.ArrayList.forEach(ArrayList.java:1511)
... Removed 27 stack frames]]>
    </failure>
  </testcase> <!-- checkContentLength -->
  <testcase classname="com.customerapi.testcases.TC001_Get_All_Customers" name="checkContentType" time="0.001">
    <failure type="java.lang.NullPointerException" message="Cannot invoke &amp;quot;io.restassured.response.Response.header(String)&amp;quot; because &amp;quot;com.customerapi.testcases.TC001_Get_All_Customers.response&amp;quot; is null">
      <![CDATA[java.lang.NullPointerException: Cannot invoke "io.restassured.response.Response.header(String)" because "com.customerapi.testcases.TC001_Get_All_Customers.response" is null
at com.customerapi.testcases.TC001_Get_All_Customers.checkContentType(TC001_Get_All_Customers.java:81)
at java.base/java.util.ArrayList.forEach(ArrayList.java:1511)
... Removed 27 stack frames]]>
    </failure>
  </testcase> <!-- checkContentType -->
  <testcase classname="com.customerapi.testcases.TC001_Get_All_Customers" name="checkResponseBody" time="0.002">
    <failure type="java.lang.NullPointerException" message="Cannot invoke &amp;quot;io.restassured.response.Response.getBody()&amp;quot; because &amp;quot;com.customerapi.testcases.TC001_Get_All_Customers.response&amp;quot; is null">
      <![CDATA[java.lang.NullPointerException: Cannot invoke "io.restassured.response.Response.getBody()" because "com.customerapi.testcases.TC001_Get_All_Customers.response" is null
at com.customerapi.testcases.TC001_Get_All_Customers.checkResponseBody(TC001_Get_All_Customers.java:40)
at java.base/java.util.ArrayList.forEach(ArrayList.java:1511)
... Removed 27 stack frames]]>
    </failure>
  </testcase> <!-- checkResponseBody -->
  <testcase classname="com.customerapi.testcases.TC001_Get_All_Customers" name="checkResponseTime" time="0.002">
    <failure type="java.lang.NullPointerException" message="Cannot invoke &amp;quot;io.restassured.response.Response.getTime()&amp;quot; because &amp;quot;com.customerapi.testcases.TC001_Get_All_Customers.response&amp;quot; is null">
      <![CDATA[java.lang.NullPointerException: Cannot invoke "io.restassured.response.Response.getTime()" because "com.customerapi.testcases.TC001_Get_All_Customers.response" is null
at com.customerapi.testcases.TC001_Get_All_Customers.checkResponseTime(TC001_Get_All_Customers.java:60)
at java.base/java.util.ArrayList.forEach(ArrayList.java:1511)
... Removed 27 stack frames]]>
    </failure>
  </testcase> <!-- checkResponseTime -->
  <testcase classname="com.customerapi.testcases.TC001_Get_All_Customers" name="checkServerType" time="0.001">
    <failure type="java.lang.NullPointerException" message="Cannot invoke &amp;quot;io.restassured.response.Response.header(String)&amp;quot; because &amp;quot;com.customerapi.testcases.TC001_Get_All_Customers.response&amp;quot; is null">
      <![CDATA[java.lang.NullPointerException: Cannot invoke "io.restassured.response.Response.header(String)" because "com.customerapi.testcases.TC001_Get_All_Customers.response" is null
at com.customerapi.testcases.TC001_Get_All_Customers.checkServerType(TC001_Get_All_Customers.java:90)
at java.base/java.util.ArrayList.forEach(ArrayList.java:1511)
... Removed 27 stack frames]]>
    </failure>
  </testcase> <!-- checkServerType -->
  <testcase classname="com.customerapi.testcases.TC001_Get_All_Customers" name="checkStatusCode" time="0.001">
    <failure type="java.lang.NullPointerException" message="Cannot invoke &amp;quot;io.restassured.response.Response.statusCode()&amp;quot; because &amp;quot;com.customerapi.testcases.TC001_Get_All_Customers.response&amp;quot; is null">
      <![CDATA[java.lang.NullPointerException: Cannot invoke "io.restassured.response.Response.statusCode()" because "com.customerapi.testcases.TC001_Get_All_Customers.response" is null
at com.customerapi.testcases.TC001_Get_All_Customers.checkStatusCode(TC001_Get_All_Customers.java:50)
at java.base/java.util.ArrayList.forEach(ArrayList.java:1511)
... Removed 27 stack frames]]>
    </failure>
  </testcase> <!-- checkStatusCode -->
  <testcase classname="com.customerapi.testcases.TC001_Get_All_Customers" name="checkStatusLine" time="0.001">
    <failure type="java.lang.NullPointerException" message="Cannot invoke &amp;quot;io.restassured.response.Response.statusLine()&amp;quot; because &amp;quot;com.customerapi.testcases.TC001_Get_All_Customers.response&amp;quot; is null">
      <![CDATA[java.lang.NullPointerException: Cannot invoke "io.restassured.response.Response.statusLine()" because "com.customerapi.testcases.TC001_Get_All_Customers.response" is null
at com.customerapi.testcases.TC001_Get_All_Customers.checkStatusLine(TC001_Get_All_Customers.java:73)
at java.base/java.util.ArrayList.forEach(ArrayList.java:1511)
... Removed 27 stack frames]]>
    </failure>
  </testcase> <!-- checkStatusLine -->
  <testcase classname="com.customerapi.testcases.TC002_Get_Single_Customer" name="checkContentLength" time="0.002">
    <failure type="java.lang.NullPointerException" message="Cannot invoke &amp;quot;io.restassured.response.Response.header(String)&amp;quot; because &amp;quot;com.customerapi.testcases.TC002_Get_Single_Customer.response&amp;quot; is null">
      <![CDATA[java.lang.NullPointerException: Cannot invoke "io.restassured.response.Response.header(String)" because "com.customerapi.testcases.TC002_Get_Single_Customer.response" is null
at com.customerapi.testcases.TC002_Get_Single_Customer.checkContentLength(TC002_Get_Single_Customer.java:74)
at java.base/java.util.ArrayList.forEach(ArrayList.java:1511)
... Removed 27 stack frames]]>
    </failure>
  </testcase> <!-- checkContentLength -->
  <testcase classname="com.customerapi.testcases.TC002_Get_Single_Customer" name="checkContentType" time="0.001">
    <failure type="java.lang.NullPointerException" message="Cannot invoke &amp;quot;io.restassured.response.Response.header(String)&amp;quot; because &amp;quot;com.customerapi.testcases.TC002_Get_Single_Customer.response&amp;quot; is null">
      <![CDATA[java.lang.NullPointerException: Cannot invoke "io.restassured.response.Response.header(String)" because "com.customerapi.testcases.TC002_Get_Single_Customer.response" is null
at com.customerapi.testcases.TC002_Get_Single_Customer.checkContentType(TC002_Get_Single_Customer.java:56)
at java.base/java.util.ArrayList.forEach(ArrayList.java:1511)
... Removed 27 stack frames]]>
    </failure>
  </testcase> <!-- checkContentType -->
  <testcase classname="com.customerapi.testcases.TC002_Get_Single_Customer" name="checkResponseTime" time="0.003">
    <failure type="java.lang.NullPointerException" message="Cannot invoke &amp;quot;io.restassured.response.Response.getTime()&amp;quot; because &amp;quot;com.customerapi.testcases.TC002_Get_Single_Customer.response&amp;quot; is null">
      <![CDATA[java.lang.NullPointerException: Cannot invoke "io.restassured.response.Response.getTime()" because "com.customerapi.testcases.TC002_Get_Single_Customer.response" is null
at com.customerapi.testcases.TC002_Get_Single_Customer.checkResponseTime(TC002_Get_Single_Customer.java:41)
at java.base/java.util.ArrayList.forEach(ArrayList.java:1511)
... Removed 27 stack frames]]>
    </failure>
  </testcase> <!-- checkResponseTime -->
  <testcase classname="com.customerapi.testcases.TC002_Get_Single_Customer" name="checkServerType" time="0.001">
    <failure type="java.lang.NullPointerException" message="Cannot invoke &amp;quot;io.restassured.response.Response.header(String)&amp;quot; because &amp;quot;com.customerapi.testcases.TC002_Get_Single_Customer.response&amp;quot; is null">
      <![CDATA[java.lang.NullPointerException: Cannot invoke "io.restassured.response.Response.header(String)" because "com.customerapi.testcases.TC002_Get_Single_Customer.response" is null
at com.customerapi.testcases.TC002_Get_Single_Customer.checkServerType(TC002_Get_Single_Customer.java:65)
at java.base/java.util.ArrayList.forEach(ArrayList.java:1511)
... Removed 27 stack frames]]>
    </failure>
  </testcase> <!-- checkServerType -->
  <testcase classname="com.customerapi.testcases.TC002_Get_Single_Customer" name="checkStatusLine" time="0.001">
    <failure type="java.lang.NullPointerException" message="Cannot invoke &amp;quot;io.restassured.response.Response.statusLine()&amp;quot; because &amp;quot;com.customerapi.testcases.TC002_Get_Single_Customer.response&amp;quot; is null">
      <![CDATA[java.lang.NullPointerException: Cannot invoke "io.restassured.response.Response.statusLine()" because "com.customerapi.testcases.TC002_Get_Single_Customer.response" is null
at com.customerapi.testcases.TC002_Get_Single_Customer.checkStatusLine(TC002_Get_Single_Customer.java:48)
at java.base/java.util.ArrayList.forEach(ArrayList.java:1511)
... Removed 27 stack frames]]>
    </failure>
  </testcase> <!-- checkStatusLine -->
  <testcase classname="com.customerapi.testcases.TC003_Add_Customer" name="Create_Customer" time="3.879"/>
  <testcase classname="com.customerapi.testcases.TC003_Add_Customer" name="checkResponseTime" time="0.001">
    <failure type="java.lang.NullPointerException" message="Cannot invoke &amp;quot;io.restassured.response.Response.getTime()&amp;quot; because &amp;quot;com.customerapi.testcases.TC003_Add_Customer.response&amp;quot; is null">
      <![CDATA[java.lang.NullPointerException: Cannot invoke "io.restassured.response.Response.getTime()" because "com.customerapi.testcases.TC003_Add_Customer.response" is null
at com.customerapi.testcases.TC003_Add_Customer.checkResponseTime(TC003_Add_Customer.java:52)
at java.base/java.util.ArrayList.forEach(ArrayList.java:1511)
... Removed 27 stack frames]]>
    </failure>
  </testcase> <!-- checkResponseTime -->
  <testcase classname="com.customerapi.testcases.TC003_Add_Customer" name="checkStatusCode" time="0.001">
    <failure type="java.lang.NullPointerException" message="Cannot invoke &amp;quot;io.restassured.response.Response.statusCode()&amp;quot; because &amp;quot;com.customerapi.testcases.TC003_Add_Customer.response&amp;quot; is null">
      <![CDATA[java.lang.NullPointerException: Cannot invoke "io.restassured.response.Response.statusCode()" because "com.customerapi.testcases.TC003_Add_Customer.response" is null
at com.customerapi.testcases.TC003_Add_Customer.checkStatusCode(TC003_Add_Customer.java:44)
at java.base/java.util.ArrayList.forEach(ArrayList.java:1511)
... Removed 27 stack frames]]>
    </failure>
  </testcase> <!-- checkStatusCode -->
  <testcase classname="com.customerapi.base.TestBase" name="@BeforeSuite Setup" time="0.0">
    <ignored/>
  </testcase> <!-- @BeforeSuite Setup -->
  <testcase classname="com.customerapi.base.TestBase" name="@BeforeSuite Setup" time="0.0">
    <ignored/>
  </testcase> <!-- @BeforeSuite Setup -->
</testsuite> <!-- Test -->
